2021 May 08 13:11:27 - INFO - keyboard.c:63 - Starting keyboard listener.
2021 May 08 13:11:28 - DEBUG - display.c:5 - Getting char at (4, 4)
2021 May 08 13:11:28 - DEBUG - display.c:5 - Getting char at (4, 5)
2021 May 08 13:11:28 - DEBUG - display.c:5 - Getting char at (5, 4)
2021 May 08 13:11:28 - DEBUG - display.c:5 - Getting char at (5, 5)
2021 May 08 13:11:29 - DEBUG - display.c:5 - Getting char at (5, 4)
2021 May 08 13:11:29 - DEBUG - display.c:5 - Getting char at (5, 5)
2021 May 08 13:11:29 - DEBUG - display.c:5 - Getting char at (6, 4)
2021 May 08 13:11:29 - DEBUG - display.c:5 - Getting char at (6, 5)
2021 May 08 13:11:30 - DEBUG - display.c:5 - Getting char at (6, 4)
2021 May 08 13:11:30 - DEBUG - display.c:5 - Getting char at (6, 5)
2021 May 08 13:11:30 - DEBUG - display.c:5 - Getting char at (7, 4)
2021 May 08 13:11:30 - DEBUG - display.c:5 - Getting char at (7, 5)
2021 May 08 13:11:31 - DEBUG - display.c:5 - Getting char at (7, 4)
2021 May 08 13:11:31 - DEBUG - display.c:5 - Getting char at (7, 5)
2021 May 08 13:11:31 - DEBUG - display.c:5 - Getting char at (8, 4)
2021 May 08 13:11:31 - DEBUG - display.c:5 - Getting char at (8, 5)
2021 May 08 13:11:32 - DEBUG - display.c:5 - Getting char at (8, 4)
2021 May 08 13:11:32 - DEBUG - display.c:5 - Getting char at (8, 5)
2021 May 08 13:11:32 - DEBUG - display.c:5 - Getting char at (9, 4)
2021 May 08 13:11:32 - DEBUG - display.c:5 - Getting char at (9, 5)
2021 May 08 13:11:33 - DEBUG - display.c:5 - Getting char at (8, 3)
2021 May 08 13:11:33 - DEBUG - display.c:5 - Getting char at (8, 4)
2021 May 08 13:11:33 - DEBUG - display.c:5 - Getting char at (9, 3)
2021 May 08 13:11:33 - DEBUG - display.c:5 - Getting char at (9, 4)
2021 May 08 13:11:33 - DEBUG - display.c:5 - Getting char at (8, 2)
2021 May 08 13:11:33 - DEBUG - display.c:5 - Getting char at (8, 3)
2021 May 08 13:11:33 - DEBUG - display.c:5 - Getting char at (9, 2)
2021 May 08 13:11:33 - DEBUG - display.c:5 - Getting char at (9, 3)
2021 May 08 13:11:33 - DEBUG - display.c:5 - Getting char at (8, 1)
2021 May 08 13:11:33 - DEBUG - display.c:5 - Getting char at (8, 2)
2021 May 08 13:11:33 - DEBUG - display.c:5 - Getting char at (9, 1)
2021 May 08 13:11:33 - DEBUG - display.c:5 - Getting char at (9, 2)
2021 May 08 13:11:34 - DEBUG - display.c:5 - Getting char at (9, 1)
2021 May 08 13:11:34 - DEBUG - display.c:5 - Getting char at (9, 2)
2021 May 08 13:11:34 - DEBUG - display.c:5 - Getting char at (10, 1)
2021 May 08 13:11:34 - DEBUG - display.c:5 - Getting char at (10, 2)
2021 May 08 13:11:34 - DEBUG - keyboard.c:55 - Key 102 ignored
2021 May 08 13:11:34 - DEBUG - keyboard.c:55 - Key 102 ignored
2021 May 08 13:11:35 - DEBUG - display.c:5 - Getting char at (10, 1)
2021 May 08 13:11:35 - DEBUG - display.c:5 - Getting char at (10, 2)
2021 May 08 13:11:35 - DEBUG - display.c:5 - Getting char at (11, 1)
2021 May 08 13:11:35 - DEBUG - display.c:5 - Getting char at (11, 2)
2021 May 08 13:11:35 - DEBUG - display.c:5 - Getting char at (10, 2)
2021 May 08 13:11:35 - DEBUG - display.c:5 - Getting char at (10, 3)
2021 May 08 13:11:35 - DEBUG - display.c:5 - Getting char at (11, 2)
2021 May 08 13:11:35 - DEBUG - display.c:5 - Getting char at (11, 3)
2021 May 08 13:11:36 - DEBUG - display.c:5 - Getting char at (10, 3)
2021 May 08 13:11:36 - DEBUG - display.c:5 - Getting char at (10, 4)
2021 May 08 13:11:36 - DEBUG - display.c:5 - Getting char at (11, 3)
2021 May 08 13:11:36 - DEBUG - display.c:5 - Getting char at (11, 4)
2021 May 08 13:11:36 - DEBUG - display.c:5 - Getting char at (11, 3)
2021 May 08 13:11:36 - DEBUG - display.c:5 - Getting char at (11, 4)
2021 May 08 13:11:36 - DEBUG - display.c:5 - Getting char at (12, 3)
2021 May 08 13:11:36 - DEBUG - display.c:5 - Getting char at (12, 4)
2021 May 08 13:11:36 - DEBUG - display.c:5 - Getting char at (11, 4)
2021 May 08 13:11:36 - DEBUG - display.c:5 - Getting char at (11, 5)
2021 May 08 13:11:36 - DEBUG - display.c:5 - Getting char at (12, 4)
2021 May 08 13:11:36 - DEBUG - display.c:5 - Getting char at (12, 5)
2021 May 08 13:11:36 - DEBUG - display.c:5 - Getting char at (11, 5)
2021 May 08 13:11:36 - DEBUG - display.c:5 - Getting char at (11, 6)
2021 May 08 13:11:36 - DEBUG - display.c:5 - Getting char at (12, 5)
2021 May 08 13:11:36 - DEBUG - display.c:5 - Getting char at (12, 6)
2021 May 08 13:11:37 - DEBUG - display.c:5 - Getting char at (12, 5)
2021 May 08 13:11:37 - DEBUG - display.c:5 - Getting char at (12, 6)
2021 May 08 13:11:37 - DEBUG - display.c:5 - Getting char at (13, 5)
2021 May 08 13:11:37 - DEBUG - display.c:5 - Getting char at (13, 6)
2021 May 08 13:11:38 - DEBUG - display.c:5 - Getting char at (13, 5)
2021 May 08 13:11:38 - DEBUG - display.c:5 - Getting char at (13, 6)
2021 May 08 13:11:38 - DEBUG - display.c:5 - Getting char at (14, 5)
2021 May 08 13:11:38 - DEBUG - display.c:5 - Getting char at (14, 6)
2021 May 08 13:11:38 - DEBUG - display.c:5 - Getting char at (13, 5)
2021 May 08 13:11:38 - DEBUG - display.c:5 - Getting char at (13, 6)
2021 May 08 13:11:38 - DEBUG - display.c:5 - Getting char at (14, 5)
2021 May 08 13:11:38 - DEBUG - display.c:5 - Getting char at (14, 6)
2021 May 08 13:11:38 - DEBUG - display.c:5 - Getting char at (13, 5)
2021 May 08 13:11:38 - DEBUG - display.c:5 - Getting char at (13, 6)
2021 May 08 13:11:38 - DEBUG - display.c:5 - Getting char at (14, 5)
2021 May 08 13:11:38 - DEBUG - display.c:5 - Getting char at (14, 6)
2021 May 08 13:11:39 - DEBUG - display.c:5 - Getting char at (13, 5)
2021 May 08 13:11:39 - DEBUG - display.c:5 - Getting char at (13, 6)
2021 May 08 13:11:39 - DEBUG - display.c:5 - Getting char at (14, 5)
2021 May 08 13:11:39 - DEBUG - display.c:5 - Getting char at (14, 6)
2021 May 08 13:11:39 - DEBUG - display.c:5 - Getting char at (13, 5)
2021 May 08 13:11:39 - DEBUG - display.c:5 - Getting char at (13, 6)
2021 May 08 13:11:39 - DEBUG - display.c:5 - Getting char at (14, 5)
2021 May 08 13:11:39 - DEBUG - display.c:5 - Getting char at (14, 6)
2021 May 08 13:11:39 - DEBUG - display.c:5 - Getting char at (13, 5)
2021 May 08 13:11:39 - DEBUG - display.c:5 - Getting char at (13, 6)
2021 May 08 13:11:39 - DEBUG - display.c:5 - Getting char at (14, 5)
2021 May 08 13:11:39 - DEBUG - display.c:5 - Getting char at (14, 6)
2021 May 08 13:11:39 - DEBUG - display.c:5 - Getting char at (13, 5)
2021 May 08 13:11:39 - DEBUG - display.c:5 - Getting char at (13, 6)
2021 May 08 13:11:39 - DEBUG - display.c:5 - Getting char at (14, 5)
2021 May 08 13:11:39 - DEBUG - display.c:5 - Getting char at (14, 6)
2021 May 08 13:11:39 - DEBUG - display.c:5 - Getting char at (13, 5)
2021 May 08 13:11:39 - DEBUG - display.c:5 - Getting char at (13, 6)
2021 May 08 13:11:39 - DEBUG - display.c:5 - Getting char at (14, 5)
2021 May 08 13:11:39 - DEBUG - display.c:5 - Getting char at (14, 6)
2021 May 08 13:11:39 - DEBUG - display.c:5 - Getting char at (14, 5)
2021 May 08 13:11:39 - DEBUG - display.c:5 - Getting char at (14, 6)
2021 May 08 13:11:39 - DEBUG - display.c:5 - Getting char at (15, 5)
2021 May 08 13:11:39 - DEBUG - display.c:5 - Getting char at (15, 6)
2021 May 08 13:11:39 - DEBUG - keyboard.c:55 - Key 107 ignored
2021 May 08 13:11:40 - DEBUG - display.c:5 - Getting char at (14, 5)
2021 May 08 13:11:40 - DEBUG - display.c:5 - Getting char at (14, 6)
2021 May 08 13:11:40 - DEBUG - display.c:5 - Getting char at (15, 5)
2021 May 08 13:11:40 - DEBUG - display.c:5 - Getting char at (15, 6)
2021 May 08 13:11:40 - DEBUG - display.c:5 - Getting char at (14, 5)
2021 May 08 13:11:40 - DEBUG - display.c:5 - Getting char at (14, 6)
2021 May 08 13:11:40 - DEBUG - display.c:5 - Getting char at (15, 5)
2021 May 08 13:11:40 - DEBUG - display.c:5 - Getting char at (15, 6)
2021 May 08 13:11:41 - DEBUG - display.c:5 - Getting char at (15, 5)
2021 May 08 13:11:41 - DEBUG - display.c:5 - Getting char at (15, 6)
2021 May 08 13:11:41 - DEBUG - display.c:5 - Getting char at (16, 5)
2021 May 08 13:11:41 - DEBUG - display.c:5 - Getting char at (16, 6)
2021 May 08 13:11:42 - DEBUG - display.c:5 - Getting char at (16, 5)
2021 May 08 13:11:42 - DEBUG - display.c:5 - Getting char at (16, 6)
2021 May 08 13:11:42 - DEBUG - display.c:5 - Getting char at (17, 5)
2021 May 08 13:11:42 - DEBUG - display.c:5 - Getting char at (17, 6)
2021 May 08 13:11:43 - DEBUG - display.c:5 - Getting char at (17, 5)
2021 May 08 13:11:43 - DEBUG - display.c:5 - Getting char at (17, 6)
2021 May 08 13:11:43 - DEBUG - display.c:5 - Getting char at (18, 5)
2021 May 08 13:11:43 - DEBUG - display.c:5 - Getting char at (18, 6)
2021 May 08 13:11:43 - DEBUG - display.c:5 - Getting char at (18, 5)
2021 May 08 13:11:43 - DEBUG - display.c:5 - Getting char at (18, 6)
2021 May 08 13:11:43 - DEBUG - display.c:5 - Getting char at (19, 5)
2021 May 08 13:11:43 - DEBUG - display.c:5 - Getting char at (18, 5)
2021 May 08 13:11:43 - DEBUG - display.c:5 - Getting char at (18, 6)
2021 May 08 13:11:43 - DEBUG - display.c:5 - Getting char at (19, 5)
2021 May 08 13:11:44 - DEBUG - display.c:5 - Getting char at (4, 4)
2021 May 08 13:11:44 - DEBUG - display.c:5 - Getting char at (5, 4)
2021 May 08 13:11:44 - DEBUG - display.c:5 - Getting char at (5, 5)
2021 May 08 13:11:44 - DEBUG - display.c:5 - Getting char at (5, 6)
2021 May 08 13:11:45 - DEBUG - display.c:5 - Getting char at (4, 5)
2021 May 08 13:11:45 - DEBUG - display.c:5 - Getting char at (5, 5)
2021 May 08 13:11:45 - DEBUG - display.c:5 - Getting char at (5, 6)
2021 May 08 13:11:45 - DEBUG - display.c:5 - Getting char at (5, 7)
2021 May 08 13:11:45 - DEBUG - display.c:5 - Getting char at (5, 5)
2021 May 08 13:11:45 - DEBUG - display.c:5 - Getting char at (6, 5)
2021 May 08 13:11:45 - DEBUG - display.c:5 - Getting char at (6, 6)
2021 May 08 13:11:45 - DEBUG - display.c:5 - Getting char at (6, 7)
2021 May 08 13:11:45 - DEBUG - block.c:37 - Trying to execute rotation
2021 May 08 13:11:45 - DEBUG - block.c:60 - Rotation successfully executed
2021 May 08 13:11:45 - DEBUG - display.c:5 - Getting char at (6, 6)
2021 May 08 13:11:45 - DEBUG - display.c:5 - Getting char at (6, 5)
2021 May 08 13:11:45 - DEBUG - display.c:5 - Getting char at (7, 5)
2021 May 08 13:11:45 - DEBUG - display.c:5 - Getting char at (8, 5)
2021 May 08 13:11:46 - DEBUG - display.c:5 - Getting char at (6, 7)
2021 May 08 13:11:46 - DEBUG - display.c:5 - Getting char at (6, 6)
2021 May 08 13:11:46 - DEBUG - display.c:5 - Getting char at (7, 6)
2021 May 08 13:11:46 - DEBUG - display.c:5 - Getting char at (8, 6)
2021 May 08 13:11:46 - DEBUG - display.c:5 - Getting char at (7, 7)
2021 May 08 13:11:46 - DEBUG - display.c:5 - Getting char at (7, 6)
2021 May 08 13:11:46 - DEBUG - display.c:5 - Getting char at (8, 6)
2021 May 08 13:11:46 - DEBUG - display.c:5 - Getting char at (9, 6)
2021 May 08 13:11:46 - DEBUG - block.c:37 - Trying to execute rotation
2021 May 08 13:11:46 - DEBUG - block.c:60 - Rotation successfully executed
2021 May 08 13:11:46 - DEBUG - display.c:5 - Getting char at (8, 6)
2021 May 08 13:11:46 - DEBUG - display.c:5 - Getting char at (7, 6)
2021 May 08 13:11:46 - DEBUG - display.c:5 - Getting char at (7, 5)
2021 May 08 13:11:46 - DEBUG - display.c:5 - Getting char at (7, 4)
2021 May 08 13:11:47 - DEBUG - display.c:5 - Getting char at (8, 7)
2021 May 08 13:11:47 - DEBUG - display.c:5 - Getting char at (7, 7)
2021 May 08 13:11:47 - DEBUG - display.c:5 - Getting char at (7, 6)
2021 May 08 13:11:47 - DEBUG - display.c:5 - Getting char at (7, 5)
2021 May 08 13:11:47 - DEBUG - block.c:37 - Trying to execute rotation
2021 May 08 13:11:47 - DEBUG - block.c:60 - Rotation successfully executed
2021 May 08 13:11:47 - DEBUG - display.c:5 - Getting char at (7, 6)
2021 May 08 13:11:47 - DEBUG - display.c:5 - Getting char at (7, 7)
2021 May 08 13:11:47 - DEBUG - display.c:5 - Getting char at (6, 7)
2021 May 08 13:11:47 - DEBUG - display.c:5 - Getting char at (5, 7)
2021 May 08 13:11:48 - DEBUG - display.c:5 - Getting char at (8, 6)
2021 May 08 13:11:48 - DEBUG - display.c:5 - Getting char at (8, 7)
2021 May 08 13:11:48 - DEBUG - display.c:5 - Getting char at (7, 7)
2021 May 08 13:11:48 - DEBUG - display.c:5 - Getting char at (6, 7)
2021 May 08 13:11:48 - DEBUG - display.c:5 - Getting char at (8, 7)
2021 May 08 13:11:48 - DEBUG - display.c:5 - Getting char at (8, 8)
2021 May 08 13:11:48 - DEBUG - block.c:37 - Trying to execute rotation
2021 May 08 13:11:48 - DEBUG - block.c:60 - Rotation successfully executed
2021 May 08 13:11:48 - DEBUG - display.c:5 - Getting char at (7, 7)
2021 May 08 13:11:48 - DEBUG - display.c:5 - Getting char at (8, 7)
2021 May 08 13:11:48 - DEBUG - display.c:5 - Getting char at (8, 8)
2021 May 08 13:11:48 - DEBUG - block.c:37 - Trying to execute rotation
2021 May 08 13:11:48 - DEBUG - block.c:60 - Rotation successfully executed
2021 May 08 13:11:49 - DEBUG - display.c:5 - Getting char at (9, 6)
2021 May 08 13:11:49 - DEBUG - display.c:5 - Getting char at (9, 7)
2021 May 08 13:11:49 - DEBUG - display.c:5 - Getting char at (8, 7)
2021 May 08 13:11:49 - DEBUG - display.c:5 - Getting char at (7, 7)
2021 May 08 13:11:49 - DEBUG - block.c:37 - Trying to execute rotation
2021 May 08 13:11:49 - DEBUG - block.c:60 - Rotation successfully executed
2021 May 08 13:11:49 - DEBUG - display.c:5 - Getting char at (8, 7)
2021 May 08 13:11:49 - DEBUG - display.c:5 - Getting char at (9, 7)
2021 May 08 13:11:49 - DEBUG - display.c:5 - Getting char at (9, 8)
2021 May 08 13:11:49 - DEBUG - block.c:37 - Trying to execute rotation
2021 May 08 13:11:49 - DEBUG - block.c:60 - Rotation successfully executed
2021 May 08 13:11:50 - DEBUG - display.c:5 - Getting char at (10, 6)
2021 May 08 13:11:50 - DEBUG - display.c:5 - Getting char at (10, 7)
2021 May 08 13:11:50 - DEBUG - display.c:5 - Getting char at (9, 7)
2021 May 08 13:11:50 - DEBUG - display.c:5 - Getting char at (8, 7)
2021 May 08 13:11:51 - DEBUG - block.c:37 - Trying to execute rotation
2021 May 08 13:11:51 - DEBUG - block.c:60 - Rotation successfully executed
2021 May 08 13:11:51 - DEBUG - display.c:5 - Getting char at (9, 7)
2021 May 08 13:11:51 - DEBUG - display.c:5 - Getting char at (10, 7)
2021 May 08 13:11:51 - DEBUG - display.c:5 - Getting char at (10, 8)
2021 May 08 13:11:51 - DEBUG - block.c:37 - Trying to execute rotation
2021 May 08 13:11:51 - DEBUG - block.c:60 - Rotation successfully executed
2021 May 08 13:11:51 - DEBUG - block.c:37 - Trying to execute rotation
2021 May 08 13:11:51 - DEBUG - block.c:60 - Rotation successfully executed
2021 May 08 13:11:51 - DEBUG - display.c:5 - Getting char at (9, 7)
2021 May 08 13:11:51 - DEBUG - display.c:5 - Getting char at (10, 7)
2021 May 08 13:11:51 - DEBUG - display.c:5 - Getting char at (10, 8)
2021 May 08 13:11:51 - DEBUG - block.c:37 - Trying to execute rotation
2021 May 08 13:11:51 - DEBUG - block.c:60 - Rotation successfully executed
2021 May 08 13:11:51 - DEBUG - display.c:5 - Getting char at (11, 6)
2021 May 08 13:11:51 - DEBUG - display.c:5 - Getting char at (11, 7)
2021 May 08 13:11:51 - DEBUG - display.c:5 - Getting char at (10, 7)
2021 May 08 13:11:51 - DEBUG - display.c:5 - Getting char at (9, 7)
2021 May 08 13:11:51 - DEBUG - display.c:5 - Getting char at (11, 5)
2021 May 08 13:11:51 - DEBUG - display.c:5 - Getting char at (11, 6)
2021 May 08 13:11:51 - DEBUG - display.c:5 - Getting char at (10, 6)
2021 May 08 13:11:51 - DEBUG - display.c:5 - Getting char at (9, 6)
2021 May 08 13:11:52 - DEBUG - block.c:37 - Trying to execute rotation
2021 May 08 13:11:52 - DEBUG - block.c:60 - Rotation successfully executed
2021 May 08 13:11:52 - DEBUG - display.c:5 - Getting char at (10, 6)
2021 May 08 13:11:52 - DEBUG - display.c:5 - Getting char at (11, 6)
2021 May 08 13:11:52 - DEBUG - display.c:5 - Getting char at (11, 7)
2021 May 08 13:11:52 - DEBUG - display.c:5 - Getting char at (11, 8)
2021 May 08 13:11:52 - DEBUG - block.c:37 - Trying to execute rotation
2021 May 08 13:11:52 - DEBUG - block.c:60 - Rotation successfully executed
2021 May 08 13:11:52 - DEBUG - display.c:5 - Getting char at (12, 5)
2021 May 08 13:11:52 - DEBUG - display.c:5 - Getting char at (12, 6)
2021 May 08 13:11:52 - DEBUG - display.c:5 - Getting char at (11, 6)
2021 May 08 13:11:52 - DEBUG - display.c:5 - Getting char at (10, 6)
2021 May 08 13:11:52 - DEBUG - block.c:37 - Trying to execute rotation
2021 May 08 13:11:52 - DEBUG - block.c:60 - Rotation successfully executed
2021 May 08 13:11:52 - DEBUG - display.c:5 - Getting char at (11, 6)
2021 May 08 13:11:52 - DEBUG - display.c:5 - Getting char at (12, 6)
2021 May 08 13:11:52 - DEBUG - display.c:5 - Getting char at (12, 7)
2021 May 08 13:11:52 - DEBUG - display.c:5 - Getting char at (12, 8)
2021 May 08 13:11:52 - DEBUG - block.c:37 - Trying to execute rotation
2021 May 08 13:11:52 - DEBUG - block.c:60 - Rotation successfully executed
2021 May 08 13:11:52 - DEBUG - display.c:5 - Getting char at (12, 4)
2021 May 08 13:11:52 - DEBUG - display.c:5 - Getting char at (12, 5)
2021 May 08 13:11:52 - DEBUG - display.c:5 - Getting char at (11, 5)
2021 May 08 13:11:52 - DEBUG - display.c:5 - Getting char at (10, 5)
2021 May 08 13:11:53 - DEBUG - block.c:37 - Trying to execute rotation
2021 May 08 13:11:53 - DEBUG - block.c:60 - Rotation successfully executed
2021 May 08 13:11:53 - DEBUG - display.c:5 - Getting char at (11, 5)
2021 May 08 13:11:53 - DEBUG - display.c:5 - Getting char at (12, 5)
2021 May 08 13:11:53 - DEBUG - display.c:5 - Getting char at (12, 6)
2021 May 08 13:11:53 - DEBUG - display.c:5 - Getting char at (12, 7)
2021 May 08 13:11:53 - DEBUG - display.c:5 - Getting char at (12, 5)
2021 May 08 13:11:53 - DEBUG - display.c:5 - Getting char at (13, 5)
2021 May 08 13:11:53 - DEBUG - display.c:5 - Getting char at (13, 6)
2021 May 08 13:11:53 - DEBUG - display.c:5 - Getting char at (13, 7)
2021 May 08 13:11:54 - DEBUG - display.c:5 - Getting char at (13, 5)
2021 May 08 13:11:54 - DEBUG - display.c:5 - Getting char at (14, 5)
2021 May 08 13:11:54 - DEBUG - display.c:5 - Getting char at (14, 6)
2021 May 08 13:11:54 - DEBUG - display.c:5 - Getting char at (14, 7)
2021 May 08 13:11:55 - DEBUG - display.c:5 - Getting char at (13, 4)
2021 May 08 13:11:55 - DEBUG - display.c:5 - Getting char at (14, 4)
2021 May 08 13:11:55 - DEBUG - display.c:5 - Getting char at (14, 5)
2021 May 08 13:11:55 - DEBUG - display.c:5 - Getting char at (14, 6)
2021 May 08 13:11:55 - DEBUG - block.c:37 - Trying to execute rotation
2021 May 08 13:11:55 - DEBUG - block.c:60 - Rotation successfully executed
2021 May 08 13:11:55 - DEBUG - display.c:5 - Getting char at (14, 5)
2021 May 08 13:11:55 - DEBUG - display.c:5 - Getting char at (14, 4)
2021 May 08 13:11:55 - DEBUG - display.c:5 - Getting char at (15, 4)
2021 May 08 13:11:55 - DEBUG - display.c:5 - Getting char at (16, 4)
2021 May 08 13:11:55 - DEBUG - display.c:5 - Getting char at (14, 6)
2021 May 08 13:11:55 - DEBUG - display.c:5 - Getting char at (14, 5)
2021 May 08 13:11:55 - DEBUG - display.c:5 - Getting char at (15, 5)
2021 May 08 13:11:55 - DEBUG - display.c:5 - Getting char at (16, 5)
2021 May 08 13:11:55 - DEBUG - display.c:5 - Getting char at (14, 7)
2021 May 08 13:11:55 - DEBUG - display.c:5 - Getting char at (14, 6)
2021 May 08 13:11:55 - DEBUG - display.c:5 - Getting char at (15, 6)
2021 May 08 13:11:55 - DEBUG - display.c:5 - Getting char at (16, 6)
2021 May 08 13:11:56 - DEBUG - display.c:5 - Getting char at (15, 7)
2021 May 08 13:11:56 - DEBUG - display.c:5 - Getting char at (15, 6)
2021 May 08 13:11:56 - DEBUG - display.c:5 - Getting char at (16, 6)
2021 May 08 13:11:56 - DEBUG - display.c:5 - Getting char at (17, 6)
2021 May 08 13:11:56 - DEBUG - display.c:5 - Getting char at (3, 4)
2021 May 08 13:11:56 - DEBUG - display.c:5 - Getting char at (3, 5)
2021 May 08 13:11:56 - DEBUG - display.c:5 - Getting char at (4, 4)
2021 May 08 13:11:56 - DEBUG - display.c:5 - Getting char at (4, 5)
2021 May 08 13:11:57 - DEBUG - display.c:5 - Getting char at (4, 4)
2021 May 08 13:11:57 - DEBUG - display.c:5 - Getting char at (4, 5)
2021 May 08 13:11:57 - DEBUG - display.c:5 - Getting char at (5, 4)
2021 May 08 13:11:57 - DEBUG - display.c:5 - Getting char at (5, 5)
2021 May 08 13:11:58 - DEBUG - display.c:5 - Getting char at (5, 4)
2021 May 08 13:11:58 - DEBUG - display.c:5 - Getting char at (5, 5)
2021 May 08 13:11:58 - DEBUG - display.c:5 - Getting char at (6, 4)
2021 May 08 13:11:58 - DEBUG - display.c:5 - Getting char at (6, 5)
2021 May 08 13:11:59 - DEBUG - display.c:5 - Getting char at (6, 4)
2021 May 08 13:11:59 - DEBUG - display.c:5 - Getting char at (6, 5)
2021 May 08 13:11:59 - DEBUG - display.c:5 - Getting char at (7, 4)
2021 May 08 13:11:59 - DEBUG - display.c:5 - Getting char at (7, 5)
2021 May 08 13:12:00 - DEBUG - display.c:5 - Getting char at (7, 4)
2021 May 08 13:12:00 - DEBUG - display.c:5 - Getting char at (7, 5)
2021 May 08 13:12:00 - DEBUG - display.c:5 - Getting char at (8, 4)
2021 May 08 13:12:00 - DEBUG - display.c:5 - Getting char at (8, 5)
2021 May 08 13:12:02 - DEBUG - display.c:5 - Getting char at (8, 4)
2021 May 08 13:12:02 - DEBUG - display.c:5 - Getting char at (8, 5)
2021 May 08 13:12:02 - DEBUG - display.c:5 - Getting char at (9, 4)
2021 May 08 13:12:02 - DEBUG - display.c:5 - Getting char at (9, 5)
2021 May 08 13:12:03 - DEBUG - display.c:5 - Getting char at (9, 4)
2021 May 08 13:12:03 - DEBUG - display.c:5 - Getting char at (9, 5)
2021 May 08 13:12:03 - DEBUG - display.c:5 - Getting char at (10, 4)
2021 May 08 13:12:03 - DEBUG - display.c:5 - Getting char at (10, 5)
2021 May 08 13:12:04 - DEBUG - display.c:5 - Getting char at (10, 4)
2021 May 08 13:12:04 - DEBUG - display.c:5 - Getting char at (10, 5)
2021 May 08 13:12:04 - DEBUG - display.c:5 - Getting char at (11, 4)
2021 May 08 13:12:04 - DEBUG - display.c:5 - Getting char at (11, 5)
2021 May 08 13:12:05 - DEBUG - display.c:5 - Getting char at (11, 4)
2021 May 08 13:12:05 - DEBUG - display.c:5 - Getting char at (11, 5)
2021 May 08 13:12:05 - DEBUG - display.c:5 - Getting char at (12, 4)
2021 May 08 13:12:05 - DEBUG - display.c:5 - Getting char at (12, 5)
2021 May 08 13:12:06 - DEBUG - display.c:5 - Getting char at (12, 4)
2021 May 08 13:12:06 - DEBUG - display.c:5 - Getting char at (12, 5)
2021 May 08 13:12:06 - DEBUG - display.c:5 - Getting char at (13, 4)
2021 May 08 13:12:06 - DEBUG - display.c:5 - Getting char at (13, 5)
2021 May 08 13:12:06 - DEBUG - display.c:5 - Getting char at (13, 4)
2021 May 08 13:12:06 - DEBUG - display.c:5 - Getting char at (13, 5)
2021 May 08 13:12:06 - DEBUG - display.c:5 - Getting char at (14, 4)
2021 May 08 13:12:06 - DEBUG - display.c:5 - Getting char at (14, 5)
2021 May 08 13:12:06 - DEBUG - display.c:5 - Getting char at (14, 4)
2021 May 08 13:12:06 - DEBUG - display.c:5 - Getting char at (14, 5)
2021 May 08 13:12:06 - DEBUG - display.c:5 - Getting char at (15, 4)
2021 May 08 13:12:06 - DEBUG - display.c:5 - Getting char at (15, 5)
2021 May 08 13:12:06 - DEBUG - display.c:5 - Getting char at (15, 4)
2021 May 08 13:12:06 - DEBUG - display.c:5 - Getting char at (15, 5)
2021 May 08 13:12:06 - DEBUG - display.c:5 - Getting char at (16, 4)
2021 May 08 13:12:06 - DEBUG - display.c:5 - Getting char at (16, 5)
2021 May 08 13:12:06 - DEBUG - display.c:5 - Getting char at (16, 4)
2021 May 08 13:12:06 - DEBUG - display.c:5 - Getting char at (16, 5)
2021 May 08 13:12:06 - DEBUG - display.c:5 - Getting char at (17, 4)
2021 May 08 13:12:06 - DEBUG - display.c:5 - Getting char at (17, 5)
2021 May 08 13:12:06 - DEBUG - display.c:5 - Getting char at (16, 4)
2021 May 08 13:12:06 - DEBUG - display.c:5 - Getting char at (16, 5)
2021 May 08 13:12:06 - DEBUG - display.c:5 - Getting char at (17, 4)
2021 May 08 13:12:06 - DEBUG - display.c:5 - Getting char at (17, 5)
2021 May 08 13:12:07 - DEBUG - display.c:5 - Getting char at (4, 5)
2021 May 08 13:12:07 - DEBUG - display.c:5 - Getting char at (5, 4)
2021 May 08 13:12:07 - DEBUG - display.c:5 - Getting char at (5, 5)
2021 May 08 13:12:07 - DEBUG - display.c:5 - Getting char at (6, 4)
2021 May 08 13:12:09 - DEBUG - display.c:5 - Getting char at (5, 5)
2021 May 08 13:12:09 - DEBUG - display.c:5 - Getting char at (6, 4)
2021 May 08 13:12:09 - DEBUG - display.c:5 - Getting char at (6, 5)
2021 May 08 13:12:09 - DEBUG - display.c:5 - Getting char at (7, 4)
2021 May 08 13:12:10 - DEBUG - display.c:5 - Getting char at (6, 5)
2021 May 08 13:12:10 - DEBUG - display.c:5 - Getting char at (7, 4)
2021 May 08 13:12:10 - DEBUG - display.c:5 - Getting char at (7, 5)
2021 May 08 13:12:10 - DEBUG - display.c:5 - Getting char at (8, 4)
2021 May 08 13:12:11 - DEBUG - display.c:5 - Getting char at (7, 5)
2021 May 08 13:12:11 - DEBUG - display.c:5 - Getting char at (8, 4)
2021 May 08 13:12:11 - DEBUG - display.c:5 - Getting char at (8, 5)
2021 May 08 13:12:11 - DEBUG - display.c:5 - Getting char at (9, 4)
2021 May 08 13:12:12 - DEBUG - block.c:37 - Trying to execute rotation
2021 May 08 13:12:12 - DEBUG - block.c:60 - Rotation successfully executed
2021 May 08 13:12:12 - DEBUG - display.c:5 - Getting char at (9, 5)
2021 May 08 13:12:12 - DEBUG - display.c:5 - Getting char at (8, 4)
2021 May 08 13:12:12 - DEBUG - display.c:5 - Getting char at (9, 4)
2021 May 08 13:12:12 - DEBUG - display.c:5 - Getting char at (8, 3)
2021 May 08 13:12:12 - DEBUG - display.c:5 - Getting char at (10, 5)
2021 May 08 13:12:12 - DEBUG - display.c:5 - Getting char at (9, 4)
2021 May 08 13:12:12 - DEBUG - display.c:5 - Getting char at (10, 4)
2021 May 08 13:12:12 - DEBUG - display.c:5 - Getting char at (9, 3)
2021 May 08 13:12:12 - DEBUG - block.c:37 - Trying to execute rotation
2021 May 08 13:12:12 - DEBUG - block.c:60 - Rotation successfully executed
2021 May 08 13:12:12 - DEBUG - display.c:5 - Getting char at (10, 3)
2021 May 08 13:12:12 - DEBUG - display.c:5 - Getting char at (9, 4)
2021 May 08 13:12:12 - DEBUG - display.c:5 - Getting char at (9, 3)
2021 May 08 13:12:12 - DEBUG - display.c:5 - Getting char at (8, 4)
2021 May 08 13:12:13 - DEBUG - display.c:5 - Getting char at (11, 3)
2021 May 08 13:12:13 - DEBUG - display.c:5 - Getting char at (10, 4)
2021 May 08 13:12:13 - DEBUG - display.c:5 - Getting char at (10, 3)
2021 May 08 13:12:13 - DEBUG - display.c:5 - Getting char at (9, 4)
2021 May 08 13:12:13 - DEBUG - display.c:5 - Getting char at (11, 4)
2021 May 08 13:12:13 - DEBUG - display.c:5 - Getting char at (10, 5)
2021 May 08 13:12:13 - DEBUG - display.c:5 - Getting char at (10, 4)
2021 May 08 13:12:13 - DEBUG - display.c:5 - Getting char at (9, 5)
2021 May 08 13:12:13 - DEBUG - display.c:5 - Getting char at (11, 5)
2021 May 08 13:12:13 - DEBUG - display.c:5 - Getting char at (10, 6)
2021 May 08 13:12:13 - DEBUG - display.c:5 - Getting char at (10, 5)
2021 May 08 13:12:13 - DEBUG - display.c:5 - Getting char at (9, 6)
2021 May 08 13:12:14 - DEBUG - display.c:5 - Getting char at (11, 6)
2021 May 08 13:12:14 - DEBUG - display.c:5 - Getting char at (10, 7)
2021 May 08 13:12:14 - DEBUG - display.c:5 - Getting char at (10, 6)
2021 May 08 13:12:14 - DEBUG - display.c:5 - Getting char at (9, 7)
2021 May 08 13:12:14 - DEBUG - block.c:37 - Trying to execute rotation
2021 May 08 13:12:14 - DEBUG - block.c:60 - Rotation successfully executed
2021 May 08 13:12:14 - DEBUG - display.c:5 - Getting char at (9, 6)
2021 May 08 13:12:14 - DEBUG - display.c:5 - Getting char at (10, 7)
2021 May 08 13:12:14 - DEBUG - display.c:5 - Getting char at (9, 7)
2021 May 08 13:12:14 - DEBUG - display.c:5 - Getting char at (10, 8)
2021 May 08 13:12:14 - DEBUG - block.c:37 - Trying to execute rotation
2021 May 08 13:12:14 - DEBUG - block.c:60 - Rotation successfully executed
2021 May 08 13:12:14 - DEBUG - display.c:5 - Getting char at (12, 6)
2021 May 08 13:12:14 - DEBUG - display.c:5 - Getting char at (11, 7)
2021 May 08 13:12:14 - DEBUG - display.c:5 - Getting char at (11, 6)
2021 May 08 13:12:14 - DEBUG - display.c:5 - Getting char at (10, 7)
2021 May 08 13:12:15 - DEBUG - block.c:37 - Trying to execute rotation
2021 May 08 13:12:15 - DEBUG - block.c:60 - Rotation successfully executed
2021 May 08 13:12:15 - DEBUG - display.c:5 - Getting char at (10, 6)
2021 May 08 13:12:15 - DEBUG - display.c:5 - Getting char at (11, 7)
2021 May 08 13:12:15 - DEBUG - display.c:5 - Getting char at (10, 7)
2021 May 08 13:12:15 - DEBUG - display.c:5 - Getting char at (11, 8)
2021 May 08 13:12:15 - DEBUG - block.c:37 - Trying to execute rotation
2021 May 08 13:12:15 - DEBUG - block.c:60 - Rotation successfully executed
2021 May 08 13:12:15 - DEBUG - block.c:37 - Trying to execute rotation
2021 May 08 13:12:15 - DEBUG - block.c:60 - Rotation successfully executed
2021 May 08 13:12:15 - DEBUG - display.c:5 - Getting char at (10, 6)
2021 May 08 13:12:15 - DEBUG - display.c:5 - Getting char at (11, 7)
2021 May 08 13:12:15 - DEBUG - display.c:5 - Getting char at (10, 7)
2021 May 08 13:12:15 - DEBUG - display.c:5 - Getting char at (11, 8)
2021 May 08 13:12:15 - DEBUG - block.c:37 - Trying to execute rotation
2021 May 08 13:12:15 - DEBUG - block.c:60 - Rotation successfully executed
2021 May 08 13:12:16 - DEBUG - display.c:5 - Getting char at (13, 6)
2021 May 08 13:12:16 - DEBUG - display.c:5 - Getting char at (12, 7)
2021 May 08 13:12:16 - DEBUG - display.c:5 - Getting char at (12, 6)
2021 May 08 13:12:16 - DEBUG - display.c:5 - Getting char at (11, 7)
2021 May 08 13:12:16 - DEBUG - block.c:37 - Trying to execute rotation
2021 May 08 13:12:16 - DEBUG - block.c:60 - Rotation successfully executed
2021 May 08 13:12:16 - DEBUG - display.c:5 - Getting char at (11, 6)
2021 May 08 13:12:16 - DEBUG - display.c:5 - Getting char at (12, 7)
2021 May 08 13:12:16 - DEBUG - display.c:5 - Getting char at (11, 7)
2021 May 08 13:12:16 - DEBUG - display.c:5 - Getting char at (12, 8)
2021 May 08 13:12:16 - DEBUG - block.c:37 - Trying to execute rotation
2021 May 08 13:12:16 - DEBUG - block.c:60 - Rotation successfully executed
2021 May 08 13:12:17 - DEBUG - display.c:5 - Getting char at (13, 5)
2021 May 08 13:12:17 - DEBUG - display.c:5 - Getting char at (12, 6)
2021 May 08 13:12:17 - DEBUG - display.c:5 - Getting char at (12, 5)
2021 May 08 13:12:17 - DEBUG - display.c:5 - Getting char at (11, 6)
2021 May 08 13:12:17 - DEBUG - display.c:5 - Getting char at (14, 5)
2021 May 08 13:12:17 - DEBUG - display.c:5 - Getting char at (13, 6)
2021 May 08 13:12:17 - DEBUG - display.c:5 - Getting char at (13, 5)
2021 May 08 13:12:17 - DEBUG - display.c:5 - Getting char at (12, 6)
2021 May 08 13:12:17 - DEBUG - display.c:5 - Getting char at (14, 4)
2021 May 08 13:12:17 - DEBUG - display.c:5 - Getting char at (13, 5)
2021 May 08 13:12:17 - DEBUG - display.c:5 - Getting char at (13, 4)
2021 May 08 13:12:17 - DEBUG - display.c:5 - Getting char at (12, 5)
2021 May 08 13:12:17 - DEBUG - display.c:5 - Getting char at (14, 3)
2021 May 08 13:12:17 - DEBUG - display.c:5 - Getting char at (13, 4)
2021 May 08 13:12:17 - DEBUG - display.c:5 - Getting char at (13, 3)
2021 May 08 13:12:17 - DEBUG - display.c:5 - Getting char at (12, 4)
2021 May 08 13:12:17 - DEBUG - display.c:5 - Getting char at (14, 4)
2021 May 08 13:12:17 - DEBUG - display.c:5 - Getting char at (13, 5)
2021 May 08 13:12:17 - DEBUG - display.c:5 - Getting char at (13, 4)
2021 May 08 13:12:17 - DEBUG - display.c:5 - Getting char at (12, 5)
2021 May 08 13:12:18 - DEBUG - display.c:5 - Getting char at (14, 5)
2021 May 08 13:12:18 - DEBUG - display.c:5 - Getting char at (13, 6)
2021 May 08 13:12:18 - DEBUG - display.c:5 - Getting char at (13, 5)
2021 May 08 13:12:18 - DEBUG - display.c:5 - Getting char at (12, 6)
2021 May 08 13:12:18 - DEBUG - display.c:5 - Getting char at (15, 5)
2021 May 08 13:12:18 - DEBUG - display.c:5 - Getting char at (3, 7)
2021 May 08 13:12:18 - DEBUG - display.c:5 - Getting char at (4, 5)
2021 May 08 13:12:18 - DEBUG - display.c:5 - Getting char at (4, 6)
2021 May 08 13:12:18 - DEBUG - display.c:5 - Getting char at (4, 7)
2021 May 08 13:12:19 - DEBUG - display.c:5 - Getting char at (3, 6)
2021 May 08 13:12:19 - DEBUG - display.c:5 - Getting char at (4, 4)
2021 May 08 13:12:19 - DEBUG - display.c:5 - Getting char at (4, 5)
2021 May 08 13:12:19 - DEBUG - display.c:5 - Getting char at (4, 6)
2021 May 08 13:12:19 - DEBUG - display.c:5 - Getting char at (3, 5)
2021 May 08 13:12:19 - DEBUG - display.c:5 - Getting char at (4, 3)
2021 May 08 13:12:19 - DEBUG - display.c:5 - Getting char at (4, 4)
2021 May 08 13:12:19 - DEBUG - display.c:5 - Getting char at (4, 5)
2021 May 08 13:12:19 - DEBUG - display.c:5 - Getting char at (3, 4)
2021 May 08 13:12:19 - DEBUG - display.c:5 - Getting char at (4, 2)
2021 May 08 13:12:19 - DEBUG - display.c:5 - Getting char at (4, 3)
2021 May 08 13:12:19 - DEBUG - display.c:5 - Getting char at (4, 4)
2021 May 08 13:12:19 - DEBUG - display.c:5 - Getting char at (4, 4)
2021 May 08 13:12:19 - DEBUG - display.c:5 - Getting char at (5, 2)
2021 May 08 13:12:19 - DEBUG - display.c:5 - Getting char at (5, 3)
2021 May 08 13:12:19 - DEBUG - display.c:5 - Getting char at (5, 4)
2021 May 08 13:12:19 - DEBUG - display.c:5 - Getting char at (4, 3)
2021 May 08 13:12:19 - DEBUG - display.c:5 - Getting char at (5, 1)
2021 May 08 13:12:19 - DEBUG - display.c:5 - Getting char at (5, 2)
2021 May 08 13:12:19 - DEBUG - display.c:5 - Getting char at (5, 3)
2021 May 08 13:12:20 - DEBUG - block.c:37 - Trying to execute rotation
2021 May 08 13:12:20 - DEBUG - block.c:60 - Rotation successfully executed
2021 May 08 13:12:20 - DEBUG - display.c:5 - Getting char at (3, 0)
2021 May 08 13:12:20 - DEBUG - block.c:37 - Trying to execute rotation
2021 May 08 13:12:20 - DEBUG - block.c:60 - Rotation successfully executed
2021 May 08 13:12:20 - DEBUG - display.c:5 - Getting char at (5, 3)
2021 May 08 13:12:20 - DEBUG - display.c:5 - Getting char at (6, 1)
2021 May 08 13:12:20 - DEBUG - display.c:5 - Getting char at (6, 2)
2021 May 08 13:12:20 - DEBUG - display.c:5 - Getting char at (6, 3)
2021 May 08 13:12:20 - DEBUG - display.c:5 - Getting char at (6, 3)
2021 May 08 13:12:20 - DEBUG - display.c:5 - Getting char at (7, 1)
2021 May 08 13:12:20 - DEBUG - display.c:5 - Getting char at (7, 2)
2021 May 08 13:12:20 - DEBUG - display.c:5 - Getting char at (7, 3)
2021 May 08 13:12:20 - DEBUG - display.c:5 - Getting char at (7, 3)
2021 May 08 13:12:20 - DEBUG - display.c:5 - Getting char at (8, 1)
2021 May 08 13:12:20 - DEBUG - display.c:5 - Getting char at (8, 2)
2021 May 08 13:12:20 - DEBUG - display.c:5 - Getting char at (8, 3)
2021 May 08 13:12:21 - DEBUG - display.c:5 - Getting char at (8, 3)
2021 May 08 13:12:21 - DEBUG - display.c:5 - Getting char at (9, 1)
2021 May 08 13:12:21 - DEBUG - display.c:5 - Getting char at (9, 2)
2021 May 08 13:12:21 - DEBUG - display.c:5 - Getting char at (9, 3)
2021 May 08 13:12:21 - DEBUG - display.c:5 - Getting char at (9, 3)
2021 May 08 13:12:21 - DEBUG - display.c:5 - Getting char at (10, 1)
2021 May 08 13:12:21 - DEBUG - display.c:5 - Getting char at (10, 2)
2021 May 08 13:12:21 - DEBUG - display.c:5 - Getting char at (10, 3)
2021 May 08 13:12:21 - DEBUG - display.c:5 - Getting char at (10, 3)
2021 May 08 13:12:21 - DEBUG - display.c:5 - Getting char at (11, 1)
2021 May 08 13:12:21 - DEBUG - display.c:5 - Getting char at (11, 2)
2021 May 08 13:12:21 - DEBUG - display.c:5 - Getting char at (11, 3)
2021 May 08 13:12:21 - DEBUG - display.c:5 - Getting char at (11, 3)
2021 May 08 13:12:21 - DEBUG - display.c:5 - Getting char at (12, 1)
2021 May 08 13:12:21 - DEBUG - display.c:5 - Getting char at (12, 2)
2021 May 08 13:12:21 - DEBUG - display.c:5 - Getting char at (12, 3)
2021 May 08 13:12:21 - DEBUG - display.c:5 - Getting char at (12, 3)
2021 May 08 13:12:21 - DEBUG - display.c:5 - Getting char at (13, 1)
2021 May 08 13:12:21 - DEBUG - display.c:5 - Getting char at (13, 2)
2021 May 08 13:12:21 - DEBUG - display.c:5 - Getting char at (13, 3)
2021 May 08 13:12:21 - DEBUG - display.c:5 - Getting char at (13, 3)
2021 May 08 13:12:21 - DEBUG - display.c:5 - Getting char at (14, 1)
2021 May 08 13:12:21 - DEBUG - display.c:5 - Getting char at (14, 2)
2021 May 08 13:12:21 - DEBUG - display.c:5 - Getting char at (14, 3)
2021 May 08 13:12:22 - DEBUG - display.c:5 - Getting char at (14, 3)
2021 May 08 13:12:22 - DEBUG - display.c:5 - Getting char at (15, 1)
2021 May 08 13:12:22 - DEBUG - display.c:5 - Getting char at (15, 2)
2021 May 08 13:12:22 - DEBUG - display.c:5 - Getting char at (15, 3)
2021 May 08 13:12:22 - DEBUG - display.c:5 - Getting char at (15, 3)
2021 May 08 13:12:22 - DEBUG - display.c:5 - Getting char at (16, 1)
2021 May 08 13:12:22 - DEBUG - display.c:5 - Getting char at (16, 2)
2021 May 08 13:12:22 - DEBUG - display.c:5 - Getting char at (16, 3)
2021 May 08 13:12:23 - DEBUG - display.c:5 - Getting char at (16, 3)
2021 May 08 13:12:23 - DEBUG - display.c:5 - Getting char at (17, 1)
2021 May 08 13:12:23 - DEBUG - display.c:5 - Getting char at (17, 2)
2021 May 08 13:12:23 - DEBUG - display.c:5 - Getting char at (17, 3)
2021 May 08 13:12:23 - DEBUG - display.c:5 - Getting char at (17, 3)
2021 May 08 13:12:23 - DEBUG - display.c:5 - Getting char at (18, 1)
2021 May 08 13:12:23 - DEBUG - display.c:5 - Getting char at (18, 2)
2021 May 08 13:12:23 - DEBUG - display.c:5 - Getting char at (18, 3)
2021 May 08 13:12:23 - DEBUG - display.c:5 - Getting char at (17, 4)
2021 May 08 13:12:23 - DEBUG - display.c:5 - Getting char at (18, 2)
2021 May 08 13:12:23 - DEBUG - display.c:5 - Getting char at (18, 3)
2021 May 08 13:12:23 - DEBUG - display.c:5 - Getting char at (18, 4)
2021 May 08 13:12:23 - DEBUG - display.c:5 - Getting char at (17, 5)
2021 May 08 13:12:24 - DEBUG - display.c:5 - Getting char at (18, 4)
2021 May 08 13:12:24 - DEBUG - display.c:5 - Getting char at (19, 2)
2021 May 08 13:12:24 - DEBUG - display.c:5 - Getting char at (3, 3)
2021 May 08 13:12:24 - DEBUG - display.c:5 - Getting char at (3, 4)
2021 May 08 13:12:24 - DEBUG - display.c:5 - Getting char at (4, 3)
2021 May 08 13:12:24 - DEBUG - display.c:5 - Getting char at (4, 4)
2021 May 08 13:12:25 - DEBUG - display.c:5 - Getting char at (4, 3)
2021 May 08 13:12:25 - DEBUG - display.c:5 - Getting char at (4, 4)
2021 May 08 13:12:25 - DEBUG - display.c:5 - Getting char at (5, 3)
2021 May 08 13:12:25 - DEBUG - display.c:5 - Getting char at (5, 4)
2021 May 08 13:12:25 - DEBUG - display.c:5 - Getting char at (4, 2)
2021 May 08 13:12:25 - DEBUG - display.c:5 - Getting char at (4, 3)
2021 May 08 13:12:25 - DEBUG - display.c:5 - Getting char at (5, 2)
2021 May 08 13:12:25 - DEBUG - display.c:5 - Getting char at (5, 3)
2021 May 08 13:12:25 - DEBUG - display.c:5 - Getting char at (5, 2)
2021 May 08 13:12:25 - DEBUG - display.c:5 - Getting char at (5, 3)
2021 May 08 13:12:25 - DEBUG - display.c:5 - Getting char at (6, 2)
2021 May 08 13:12:25 - DEBUG - display.c:5 - Getting char at (6, 3)
2021 May 08 13:12:26 - DEBUG - display.c:5 - Getting char at (6, 2)
2021 May 08 13:12:26 - DEBUG - display.c:5 - Getting char at (6, 3)
2021 May 08 13:12:26 - DEBUG - display.c:5 - Getting char at (7, 2)
2021 May 08 13:12:26 - DEBUG - display.c:5 - Getting char at (7, 3)
2021 May 08 13:12:26 - DEBUG - display.c:5 - Getting char at (7, 2)
2021 May 08 13:12:26 - DEBUG - display.c:5 - Getting char at (7, 3)
2021 May 08 13:12:26 - DEBUG - display.c:5 - Getting char at (8, 2)
2021 May 08 13:12:26 - DEBUG - display.c:5 - Getting char at (8, 3)
2021 May 08 13:12:26 - DEBUG - display.c:5 - Getting char at (8, 2)
2021 May 08 13:12:26 - DEBUG - display.c:5 - Getting char at (8, 3)
2021 May 08 13:12:26 - DEBUG - display.c:5 - Getting char at (9, 2)
2021 May 08 13:12:26 - DEBUG - display.c:5 - Getting char at (9, 3)
2021 May 08 13:12:26 - DEBUG - display.c:5 - Getting char at (9, 2)
2021 May 08 13:12:26 - DEBUG - display.c:5 - Getting char at (9, 3)
2021 May 08 13:12:26 - DEBUG - display.c:5 - Getting char at (10, 2)
2021 May 08 13:12:26 - DEBUG - display.c:5 - Getting char at (10, 3)
2021 May 08 13:12:27 - DEBUG - display.c:5 - Getting char at (10, 2)
2021 May 08 13:12:27 - DEBUG - display.c:5 - Getting char at (10, 3)
2021 May 08 13:12:27 - DEBUG - display.c:5 - Getting char at (11, 2)
2021 May 08 13:12:27 - DEBUG - display.c:5 - Getting char at (11, 3)
2021 May 08 13:12:27 - DEBUG - display.c:5 - Getting char at (11, 2)
2021 May 08 13:12:27 - DEBUG - display.c:5 - Getting char at (11, 3)
2021 May 08 13:12:27 - DEBUG - display.c:5 - Getting char at (12, 2)
2021 May 08 13:12:27 - DEBUG - display.c:5 - Getting char at (12, 3)
2021 May 08 13:12:27 - DEBUG - display.c:5 - Getting char at (12, 2)
2021 May 08 13:12:27 - DEBUG - display.c:5 - Getting char at (12, 3)
2021 May 08 13:12:27 - DEBUG - display.c:5 - Getting char at (13, 2)
2021 May 08 13:12:27 - DEBUG - display.c:5 - Getting char at (13, 3)
2021 May 08 13:12:27 - DEBUG - display.c:5 - Getting char at (13, 2)
2021 May 08 13:12:27 - DEBUG - display.c:5 - Getting char at (13, 3)
2021 May 08 13:12:27 - DEBUG - display.c:5 - Getting char at (14, 2)
2021 May 08 13:12:27 - DEBUG - display.c:5 - Getting char at (14, 3)
2021 May 08 13:12:27 - DEBUG - display.c:5 - Getting char at (14, 2)
2021 May 08 13:12:27 - DEBUG - display.c:5 - Getting char at (14, 3)
2021 May 08 13:12:27 - DEBUG - display.c:5 - Getting char at (15, 2)
2021 May 08 13:12:27 - DEBUG - display.c:5 - Getting char at (15, 3)
2021 May 08 13:12:27 - DEBUG - display.c:5 - Getting char at (15, 2)
2021 May 08 13:12:27 - DEBUG - display.c:5 - Getting char at (15, 3)
2021 May 08 13:12:27 - DEBUG - display.c:5 - Getting char at (16, 2)
2021 May 08 13:12:27 - DEBUG - display.c:5 - Getting char at (16, 3)
2021 May 08 13:12:28 - DEBUG - display.c:5 - Getting char at (16, 2)
2021 May 08 13:12:28 - DEBUG - display.c:5 - Getting char at (16, 3)
2021 May 08 13:12:28 - DEBUG - display.c:5 - Getting char at (17, 2)
2021 May 08 13:12:28 - DEBUG - display.c:5 - Getting char at (17, 3)
2021 May 08 13:12:28 - DEBUG - display.c:5 - Getting char at (17, 2)
2021 May 08 13:12:28 - DEBUG - display.c:5 - Getting char at (17, 3)
2021 May 08 13:12:28 - DEBUG - display.c:5 - Getting char at (18, 2)
2021 May 08 13:12:29 - DEBUG - display.c:5 - Getting char at (3, 5)
2021 May 08 13:12:29 - DEBUG - display.c:5 - Getting char at (4, 3)
2021 May 08 13:12:29 - DEBUG - display.c:5 - Getting char at (4, 4)
2021 May 08 13:12:29 - DEBUG - display.c:5 - Getting char at (4, 5)
2021 May 08 13:12:29 - DEBUG - display.c:5 - Getting char at (3, 4)
2021 May 08 13:12:29 - DEBUG - display.c:5 - Getting char at (4, 2)
2021 May 08 13:12:29 - DEBUG - display.c:5 - Getting char at (4, 3)
2021 May 08 13:12:29 - DEBUG - display.c:5 - Getting char at (4, 4)
2021 May 08 13:12:30 - DEBUG - display.c:5 - Getting char at (4, 4)
2021 May 08 13:12:30 - DEBUG - display.c:5 - Getting char at (5, 2)
2021 May 08 13:12:30 - DEBUG - display.c:5 - Getting char at (5, 3)
2021 May 08 13:12:30 - DEBUG - display.c:5 - Getting char at (5, 4)
2021 May 08 13:12:30 - DEBUG - display.c:5 - Getting char at (4, 3)
2021 May 08 13:12:30 - DEBUG - display.c:5 - Getting char at (5, 1)
2021 May 08 13:12:30 - DEBUG - display.c:5 - Getting char at (5, 2)
2021 May 08 13:12:30 - DEBUG - display.c:5 - Getting char at (5, 3)
2021 May 08 13:12:30 - DEBUG - display.c:5 - Getting char at (5, 3)
2021 May 08 13:12:30 - DEBUG - display.c:5 - Getting char at (6, 1)
2021 May 08 13:12:30 - DEBUG - display.c:5 - Getting char at (6, 2)
2021 May 08 13:12:30 - DEBUG - display.c:5 - Getting char at (6, 3)
2021 May 08 13:12:30 - DEBUG - display.c:5 - Getting char at (6, 3)
2021 May 08 13:12:30 - DEBUG - display.c:5 - Getting char at (7, 1)
2021 May 08 13:12:30 - DEBUG - display.c:5 - Getting char at (7, 2)
2021 May 08 13:12:30 - DEBUG - display.c:5 - Getting char at (7, 3)
2021 May 08 13:12:30 - DEBUG - display.c:5 - Getting char at (7, 3)
2021 May 08 13:12:30 - DEBUG - display.c:5 - Getting char at (8, 1)
2021 May 08 13:12:30 - DEBUG - display.c:5 - Getting char at (8, 2)
2021 May 08 13:12:30 - DEBUG - display.c:5 - Getting char at (8, 3)
2021 May 08 13:12:31 - DEBUG - display.c:5 - Getting char at (8, 3)
2021 May 08 13:12:31 - DEBUG - display.c:5 - Getting char at (9, 1)
2021 May 08 13:12:31 - DEBUG - display.c:5 - Getting char at (9, 2)
2021 May 08 13:12:31 - DEBUG - display.c:5 - Getting char at (9, 3)
2021 May 08 13:12:31 - DEBUG - display.c:5 - Getting char at (9, 3)
2021 May 08 13:12:31 - DEBUG - display.c:5 - Getting char at (10, 1)
2021 May 08 13:12:31 - DEBUG - display.c:5 - Getting char at (10, 2)
2021 May 08 13:12:31 - DEBUG - display.c:5 - Getting char at (10, 3)
2021 May 08 13:12:31 - DEBUG - display.c:5 - Getting char at (10, 3)
2021 May 08 13:12:31 - DEBUG - display.c:5 - Getting char at (11, 1)
2021 May 08 13:12:31 - DEBUG - display.c:5 - Getting char at (11, 2)
2021 May 08 13:12:31 - DEBUG - display.c:5 - Getting char at (11, 3)
2021 May 08 13:12:31 - DEBUG - display.c:5 - Getting char at (11, 3)
2021 May 08 13:12:31 - DEBUG - display.c:5 - Getting char at (12, 1)
2021 May 08 13:12:31 - DEBUG - display.c:5 - Getting char at (12, 2)
2021 May 08 13:12:31 - DEBUG - display.c:5 - Getting char at (12, 3)
2021 May 08 13:12:31 - DEBUG - display.c:5 - Getting char at (12, 3)
2021 May 08 13:12:31 - DEBUG - display.c:5 - Getting char at (13, 1)
2021 May 08 13:12:31 - DEBUG - display.c:5 - Getting char at (13, 2)
2021 May 08 13:12:31 - DEBUG - display.c:5 - Getting char at (13, 3)
2021 May 08 13:12:31 - DEBUG - display.c:5 - Getting char at (13, 3)
2021 May 08 13:12:31 - DEBUG - display.c:5 - Getting char at (14, 1)
2021 May 08 13:12:31 - DEBUG - display.c:5 - Getting char at (14, 2)
2021 May 08 13:12:31 - DEBUG - display.c:5 - Getting char at (14, 3)
2021 May 08 13:12:32 - DEBUG - display.c:5 - Getting char at (14, 3)
2021 May 08 13:12:32 - DEBUG - display.c:5 - Getting char at (15, 1)
2021 May 08 13:12:32 - DEBUG - display.c:5 - Getting char at (15, 2)
2021 May 08 13:12:32 - DEBUG - display.c:5 - Getting char at (15, 3)
2021 May 08 13:12:32 - DEBUG - display.c:5 - Getting char at (15, 3)
2021 May 08 13:12:32 - DEBUG - display.c:5 - Getting char at (16, 1)
2021 May 08 13:12:32 - DEBUG - display.c:5 - Getting char at (16, 2)
2021 May 08 13:12:33 - DEBUG - display.c:5 - Getting char at (4, 2)
2021 May 08 13:12:33 - DEBUG - display.c:5 - Getting char at (4, 3)
2021 May 08 13:12:33 - DEBUG - display.c:5 - Getting char at (4, 4)
2021 May 08 13:12:33 - DEBUG - display.c:5 - Getting char at (4, 5)
2021 May 08 13:12:33 - DEBUG - display.c:5 - Getting char at (5, 2)
2021 May 08 13:12:33 - DEBUG - display.c:5 - Getting char at (5, 3)
2021 May 08 13:12:33 - DEBUG - display.c:5 - Getting char at (5, 4)
2021 May 08 13:12:33 - DEBUG - display.c:5 - Getting char at (5, 5)
2021 May 08 13:12:33 - DEBUG - block.c:37 - Trying to execute rotation
2021 May 08 13:12:33 - DEBUG - block.c:60 - Rotation successfully executed
2021 May 08 13:12:33 - DEBUG - display.c:5 - Getting char at (6, 3)
2021 May 08 13:12:33 - DEBUG - display.c:5 - Getting char at (5, 3)
2021 May 08 13:12:33 - DEBUG - display.c:5 - Getting char at (4, 3)
2021 May 08 13:12:33 - DEBUG - display.c:5 - Getting char at (3, 3)
2021 May 08 13:12:33 - DEBUG - display.c:5 - Getting char at (6, 2)
2021 May 08 13:12:33 - DEBUG - display.c:5 - Getting char at (5, 2)
2021 May 08 13:12:33 - DEBUG - display.c:5 - Getting char at (4, 2)
2021 May 08 13:12:33 - DEBUG - display.c:5 - Getting char at (3, 2)
2021 May 08 13:12:34 - DEBUG - display.c:5 - Getting char at (6, 1)
2021 May 08 13:12:34 - DEBUG - display.c:5 - Getting char at (5, 1)
2021 May 08 13:12:34 - DEBUG - display.c:5 - Getting char at (4, 1)
2021 May 08 13:12:34 - DEBUG - display.c:5 - Getting char at (3, 1)
2021 May 08 13:12:34 - DEBUG - display.c:5 - Getting char at (7, 1)
2021 May 08 13:12:34 - DEBUG - display.c:5 - Getting char at (6, 1)
2021 May 08 13:12:34 - DEBUG - display.c:5 - Getting char at (5, 1)
2021 May 08 13:12:34 - DEBUG - display.c:5 - Getting char at (4, 1)
2021 May 08 13:12:34 - DEBUG - display.c:5 - Getting char at (8, 1)
2021 May 08 13:12:34 - DEBUG - display.c:5 - Getting char at (7, 1)
2021 May 08 13:12:34 - DEBUG - display.c:5 - Getting char at (6, 1)
2021 May 08 13:12:34 - DEBUG - display.c:5 - Getting char at (5, 1)
2021 May 08 13:12:34 - DEBUG - display.c:5 - Getting char at (9, 1)
2021 May 08 13:12:34 - DEBUG - display.c:5 - Getting char at (8, 1)
2021 May 08 13:12:34 - DEBUG - display.c:5 - Getting char at (7, 1)
2021 May 08 13:12:34 - DEBUG - display.c:5 - Getting char at (6, 1)
2021 May 08 13:12:35 - DEBUG - display.c:5 - Getting char at (10, 1)
2021 May 08 13:12:35 - DEBUG - display.c:5 - Getting char at (9, 1)
2021 May 08 13:12:35 - DEBUG - display.c:5 - Getting char at (8, 1)
2021 May 08 13:12:35 - DEBUG - display.c:5 - Getting char at (7, 1)
2021 May 08 13:12:35 - DEBUG - display.c:5 - Getting char at (11, 1)
2021 May 08 13:12:35 - DEBUG - display.c:5 - Getting char at (10, 1)
2021 May 08 13:12:35 - DEBUG - display.c:5 - Getting char at (9, 1)
2021 May 08 13:12:35 - DEBUG - display.c:5 - Getting char at (8, 1)
2021 May 08 13:12:35 - DEBUG - display.c:5 - Getting char at (12, 1)
2021 May 08 13:12:35 - DEBUG - display.c:5 - Getting char at (11, 1)
2021 May 08 13:12:35 - DEBUG - display.c:5 - Getting char at (10, 1)
2021 May 08 13:12:35 - DEBUG - display.c:5 - Getting char at (9, 1)
2021 May 08 13:12:35 - DEBUG - display.c:5 - Getting char at (13, 1)
2021 May 08 13:12:35 - DEBUG - display.c:5 - Getting char at (12, 1)
2021 May 08 13:12:35 - DEBUG - display.c:5 - Getting char at (11, 1)
2021 May 08 13:12:35 - DEBUG - display.c:5 - Getting char at (10, 1)
2021 May 08 13:12:35 - DEBUG - display.c:5 - Getting char at (14, 1)
2021 May 08 13:12:35 - DEBUG - display.c:5 - Getting char at (13, 1)
2021 May 08 13:12:35 - DEBUG - display.c:5 - Getting char at (12, 1)
2021 May 08 13:12:35 - DEBUG - display.c:5 - Getting char at (11, 1)
2021 May 08 13:12:36 - DEBUG - display.c:5 - Getting char at (15, 1)
2021 May 08 13:12:37 - DEBUG - display.c:5 - Getting char at (15, 1)
2021 May 08 13:12:37 - DEBUG - display.c:5 - Getting char at (4, 2)
2021 May 08 13:12:37 - DEBUG - display.c:5 - Getting char at (4, 3)
2021 May 08 13:12:37 - DEBUG - display.c:5 - Getting char at (4, 4)
2021 May 08 13:12:37 - DEBUG - display.c:5 - Getting char at (4, 5)
2021 May 08 13:12:37 - DEBUG - display.c:5 - Getting char at (5, 2)
2021 May 08 13:12:37 - DEBUG - display.c:5 - Getting char at (5, 3)
2021 May 08 13:12:37 - DEBUG - display.c:5 - Getting char at (5, 4)
2021 May 08 13:12:37 - DEBUG - display.c:5 - Getting char at (5, 5)
2021 May 08 13:12:37 - DEBUG - display.c:5 - Getting char at (6, 2)
2021 May 08 13:12:37 - DEBUG - display.c:5 - Getting char at (6, 3)
2021 May 08 13:12:37 - DEBUG - display.c:5 - Getting char at (6, 4)
2021 May 08 13:12:37 - DEBUG - display.c:5 - Getting char at (6, 5)
2021 May 08 13:12:37 - DEBUG - display.c:5 - Getting char at (7, 2)
2021 May 08 13:12:37 - DEBUG - display.c:5 - Getting char at (7, 3)
2021 May 08 13:12:37 - DEBUG - display.c:5 - Getting char at (7, 4)
2021 May 08 13:12:37 - DEBUG - display.c:5 - Getting char at (7, 5)
2021 May 08 13:12:37 - DEBUG - display.c:5 - Getting char at (8, 2)
2021 May 08 13:12:37 - DEBUG - display.c:5 - Getting char at (8, 3)
2021 May 08 13:12:37 - DEBUG - display.c:5 - Getting char at (8, 4)
2021 May 08 13:12:37 - DEBUG - display.c:5 - Getting char at (8, 5)
2021 May 08 13:12:38 - DEBUG - display.c:5 - Getting char at (9, 2)
2021 May 08 13:12:38 - DEBUG - display.c:5 - Getting char at (9, 3)
2021 May 08 13:12:38 - DEBUG - display.c:5 - Getting char at (9, 4)
2021 May 08 13:12:38 - DEBUG - display.c:5 - Getting char at (9, 5)
2021 May 08 13:12:38 - DEBUG - display.c:5 - Getting char at (10, 2)
2021 May 08 13:12:38 - DEBUG - display.c:5 - Getting char at (10, 3)
2021 May 08 13:12:38 - DEBUG - display.c:5 - Getting char at (10, 4)
2021 May 08 13:12:38 - DEBUG - display.c:5 - Getting char at (10, 5)
2021 May 08 13:12:38 - DEBUG - display.c:5 - Getting char at (11, 2)
2021 May 08 13:12:38 - DEBUG - display.c:5 - Getting char at (11, 3)
2021 May 08 13:12:38 - DEBUG - display.c:5 - Getting char at (11, 4)
2021 May 08 13:12:38 - DEBUG - display.c:5 - Getting char at (11, 5)
2021 May 08 13:12:38 - DEBUG - display.c:5 - Getting char at (12, 2)
2021 May 08 13:12:38 - DEBUG - display.c:5 - Getting char at (12, 3)
2021 May 08 13:12:38 - DEBUG - display.c:5 - Getting char at (12, 4)
2021 May 08 13:12:38 - DEBUG - display.c:5 - Getting char at (12, 5)
2021 May 08 13:12:38 - DEBUG - display.c:5 - Getting char at (13, 2)
2021 May 08 13:12:38 - DEBUG - display.c:5 - Getting char at (13, 3)
2021 May 08 13:12:38 - DEBUG - display.c:5 - Getting char at (13, 4)
2021 May 08 13:12:38 - DEBUG - display.c:5 - Getting char at (13, 5)
2021 May 08 13:12:38 - DEBUG - display.c:5 - Getting char at (13, 2)
2021 May 08 13:12:38 - DEBUG - display.c:5 - Getting char at (13, 3)
2021 May 08 13:12:38 - DEBUG - display.c:5 - Getting char at (13, 4)
2021 May 08 13:12:38 - DEBUG - display.c:5 - Getting char at (13, 5)
2021 May 08 13:12:39 - DEBUG - display.c:5 - Getting char at (4, 6)
2021 May 08 13:12:39 - DEBUG - display.c:5 - Getting char at (5, 4)
2021 May 08 13:12:39 - DEBUG - display.c:5 - Getting char at (5, 5)
2021 May 08 13:12:39 - DEBUG - display.c:5 - Getting char at (5, 6)
2021 May 08 13:12:39 - DEBUG - display.c:5 - Getting char at (4, 5)
2021 May 08 13:12:39 - DEBUG - display.c:5 - Getting char at (5, 3)
2021 May 08 13:12:39 - DEBUG - display.c:5 - Getting char at (5, 4)
2021 May 08 13:12:39 - DEBUG - display.c:5 - Getting char at (5, 5)
2021 May 08 13:12:39 - DEBUG - display.c:5 - Getting char at (4, 4)
2021 May 08 13:12:39 - DEBUG - display.c:5 - Getting char at (5, 2)
2021 May 08 13:12:39 - DEBUG - display.c:5 - Getting char at (5, 3)
2021 May 08 13:12:39 - DEBUG - display.c:5 - Getting char at (5, 4)
2021 May 08 13:12:40 - DEBUG - display.c:5 - Getting char at (4, 5)
2021 May 08 13:12:40 - DEBUG - display.c:5 - Getting char at (5, 3)
2021 May 08 13:12:40 - DEBUG - display.c:5 - Getting char at (5, 4)
2021 May 08 13:12:40 - DEBUG - display.c:5 - Getting char at (5, 5)
2021 May 08 13:12:40 - DEBUG - display.c:5 - Getting char at (4, 6)
2021 May 08 13:12:40 - DEBUG - display.c:5 - Getting char at (5, 4)
2021 May 08 13:12:40 - DEBUG - display.c:5 - Getting char at (5, 5)
2021 May 08 13:12:40 - DEBUG - display.c:5 - Getting char at (5, 6)
2021 May 08 13:12:40 - DEBUG - block.c:37 - Trying to execute rotation
2021 May 08 13:12:40 - DEBUG - block.c:60 - Rotation successfully executed
2021 May 08 13:12:40 - DEBUG - display.c:5 - Getting char at (7, 5)
2021 May 08 13:12:40 - DEBUG - display.c:5 - Getting char at (5, 4)
2021 May 08 13:12:40 - DEBUG - display.c:5 - Getting char at (6, 4)
2021 May 08 13:12:40 - DEBUG - display.c:5 - Getting char at (7, 4)
2021 May 08 13:12:40 - DEBUG - display.c:5 - Getting char at (8, 5)
2021 May 08 13:12:40 - DEBUG - display.c:5 - Getting char at (6, 4)
2021 May 08 13:12:40 - DEBUG - display.c:5 - Getting char at (7, 4)
2021 May 08 13:12:40 - DEBUG - display.c:5 - Getting char at (8, 4)
2021 May 08 13:12:41 - DEBUG - block.c:37 - Trying to execute rotation
2021 May 08 13:12:41 - DEBUG - block.c:60 - Rotation successfully executed
2021 May 08 13:12:41 - DEBUG - display.c:5 - Getting char at (7, 2)
2021 May 08 13:12:41 - DEBUG - display.c:5 - Getting char at (6, 4)
2021 May 08 13:12:41 - DEBUG - display.c:5 - Getting char at (6, 3)
2021 May 08 13:12:41 - DEBUG - display.c:5 - Getting char at (6, 2)
2021 May 08 13:12:41 - DEBUG - block.c:37 - Trying to execute rotation
2021 May 08 13:12:41 - DEBUG - block.c:60 - Rotation successfully executed
2021 May 08 13:12:41 - DEBUG - display.c:5 - Getting char at (4, 3)
2021 May 08 13:12:41 - DEBUG - display.c:5 - Getting char at (6, 4)
2021 May 08 13:12:41 - DEBUG - display.c:5 - Getting char at (5, 4)
2021 May 08 13:12:41 - DEBUG - display.c:5 - Getting char at (4, 4)
2021 May 08 13:12:41 - DEBUG - display.c:5 - Getting char at (4, 4)
2021 May 08 13:12:41 - DEBUG - display.c:5 - Getting char at (6, 5)
2021 May 08 13:12:41 - DEBUG - display.c:5 - Getting char at (5, 5)
2021 May 08 13:12:41 - DEBUG - display.c:5 - Getting char at (4, 5)
2021 May 08 13:12:41 - DEBUG - display.c:5 - Getting char at (4, 5)
2021 May 08 13:12:41 - DEBUG - display.c:5 - Getting char at (6, 6)
2021 May 08 13:12:41 - DEBUG - display.c:5 - Getting char at (5, 6)
2021 May 08 13:12:41 - DEBUG - display.c:5 - Getting char at (4, 6)
2021 May 08 13:12:41 - DEBUG - display.c:5 - Getting char at (5, 5)
2021 May 08 13:12:41 - DEBUG - display.c:5 - Getting char at (7, 6)
2021 May 08 13:12:41 - DEBUG - display.c:5 - Getting char at (6, 6)
2021 May 08 13:12:41 - DEBUG - display.c:5 - Getting char at (5, 6)
2021 May 08 13:12:41 - DEBUG - display.c:5 - Getting char at (5, 6)
2021 May 08 13:12:41 - DEBUG - display.c:5 - Getting char at (7, 7)
2021 May 08 13:12:41 - DEBUG - display.c:5 - Getting char at (6, 7)
2021 May 08 13:12:41 - DEBUG - display.c:5 - Getting char at (5, 7)
2021 May 08 13:12:42 - DEBUG - display.c:5 - Getting char at (6, 6)
2021 May 08 13:12:42 - DEBUG - display.c:5 - Getting char at (8, 7)
2021 May 08 13:12:42 - DEBUG - display.c:5 - Getting char at (7, 7)
2021 May 08 13:12:42 - DEBUG - display.c:5 - Getting char at (6, 7)
2021 May 08 13:12:42 - DEBUG - display.c:5 - Getting char at (7, 6)
2021 May 08 13:12:42 - DEBUG - display.c:5 - Getting char at (9, 7)
2021 May 08 13:12:42 - DEBUG - display.c:5 - Getting char at (8, 7)
2021 May 08 13:12:42 - DEBUG - display.c:5 - Getting char at (7, 7)
2021 May 08 13:12:42 - DEBUG - display.c:5 - Getting char at (8, 6)
2021 May 08 13:12:42 - DEBUG - display.c:5 - Getting char at (10, 7)
2021 May 08 13:12:42 - DEBUG - display.c:5 - Getting char at (9, 7)
2021 May 08 13:12:42 - DEBUG - display.c:5 - Getting char at (8, 7)
2021 May 08 13:12:42 - DEBUG - display.c:5 - Getting char at (9, 6)
2021 May 08 13:12:42 - DEBUG - display.c:5 - Getting char at (11, 7)
2021 May 08 13:12:42 - DEBUG - display.c:5 - Getting char at (10, 7)
2021 May 08 13:12:42 - DEBUG - display.c:5 - Getting char at (9, 7)
2021 May 08 13:12:42 - DEBUG - display.c:5 - Getting char at (10, 6)
2021 May 08 13:12:42 - DEBUG - display.c:5 - Getting char at (12, 7)
2021 May 08 13:12:42 - DEBUG - display.c:5 - Getting char at (11, 7)
2021 May 08 13:12:42 - DEBUG - display.c:5 - Getting char at (10, 7)
2021 May 08 13:12:42 - DEBUG - display.c:5 - Getting char at (11, 6)
2021 May 08 13:12:42 - DEBUG - display.c:5 - Getting char at (13, 7)
2021 May 08 13:12:42 - DEBUG - display.c:5 - Getting char at (12, 7)
2021 May 08 13:12:42 - DEBUG - display.c:5 - Getting char at (11, 7)
2021 May 08 13:12:42 - DEBUG - display.c:5 - Getting char at (12, 6)
2021 May 08 13:12:42 - DEBUG - display.c:5 - Getting char at (12, 6)
2021 May 08 13:12:43 - DEBUG - display.c:5 - Getting char at (3, 3)
2021 May 08 13:12:43 - DEBUG - display.c:5 - Getting char at (3, 4)
2021 May 08 13:12:43 - DEBUG - display.c:5 - Getting char at (4, 3)
2021 May 08 13:12:43 - DEBUG - display.c:5 - Getting char at (4, 4)
2021 May 08 13:12:44 - DEBUG - display.c:5 - Getting char at (4, 3)
2021 May 08 13:12:44 - DEBUG - display.c:5 - Getting char at (4, 4)
2021 May 08 13:12:44 - DEBUG - display.c:5 - Getting char at (5, 3)
2021 May 08 13:12:44 - DEBUG - display.c:5 - Getting char at (5, 4)
2021 May 08 13:12:44 - DEBUG - display.c:5 - Getting char at (4, 2)
2021 May 08 13:12:44 - DEBUG - display.c:5 - Getting char at (4, 3)
2021 May 08 13:12:44 - DEBUG - display.c:5 - Getting char at (5, 2)
2021 May 08 13:12:44 - DEBUG - display.c:5 - Getting char at (5, 3)
2021 May 08 13:12:44 - DEBUG - display.c:5 - Getting char at (5, 2)
2021 May 08 13:12:44 - DEBUG - display.c:5 - Getting char at (5, 3)
2021 May 08 13:12:44 - DEBUG - display.c:5 - Getting char at (6, 2)
2021 May 08 13:12:44 - DEBUG - display.c:5 - Getting char at (6, 3)
2021 May 08 13:12:45 - DEBUG - display.c:5 - Getting char at (6, 2)
2021 May 08 13:12:45 - DEBUG - display.c:5 - Getting char at (6, 3)
2021 May 08 13:12:45 - DEBUG - display.c:5 - Getting char at (7, 2)
2021 May 08 13:12:45 - DEBUG - display.c:5 - Getting char at (7, 3)
2021 May 08 13:12:45 - DEBUG - display.c:5 - Getting char at (7, 2)
2021 May 08 13:12:45 - DEBUG - display.c:5 - Getting char at (7, 3)
2021 May 08 13:12:45 - DEBUG - display.c:5 - Getting char at (8, 2)
2021 May 08 13:12:45 - DEBUG - display.c:5 - Getting char at (8, 3)
2021 May 08 13:12:45 - DEBUG - display.c:5 - Getting char at (8, 2)
2021 May 08 13:12:45 - DEBUG - display.c:5 - Getting char at (8, 3)
2021 May 08 13:12:45 - DEBUG - display.c:5 - Getting char at (9, 2)
2021 May 08 13:12:45 - DEBUG - display.c:5 - Getting char at (9, 3)
2021 May 08 13:12:45 - DEBUG - display.c:5 - Getting char at (9, 2)
2021 May 08 13:12:45 - DEBUG - display.c:5 - Getting char at (9, 3)
2021 May 08 13:12:45 - DEBUG - display.c:5 - Getting char at (10, 2)
2021 May 08 13:12:45 - DEBUG - display.c:5 - Getting char at (10, 3)
2021 May 08 13:12:45 - DEBUG - display.c:5 - Getting char at (10, 2)
2021 May 08 13:12:45 - DEBUG - display.c:5 - Getting char at (10, 3)
2021 May 08 13:12:45 - DEBUG - display.c:5 - Getting char at (11, 2)
2021 May 08 13:12:45 - DEBUG - display.c:5 - Getting char at (11, 3)
2021 May 08 13:12:46 - DEBUG - display.c:5 - Getting char at (11, 2)
2021 May 08 13:12:46 - DEBUG - display.c:5 - Getting char at (11, 3)
2021 May 08 13:12:46 - DEBUG - display.c:5 - Getting char at (12, 2)
2021 May 08 13:12:47 - DEBUG - block.c:37 - Trying to execute rotation
2021 May 08 13:12:47 - DEBUG - block.c:60 - Rotation successfully executed
2021 May 08 13:12:47 - DEBUG - display.c:5 - Getting char at (6, 5)
2021 May 08 13:12:47 - DEBUG - display.c:5 - Getting char at (4, 4)
2021 May 08 13:12:47 - DEBUG - display.c:5 - Getting char at (5, 4)
2021 May 08 13:12:47 - DEBUG - display.c:5 - Getting char at (6, 4)
2021 May 08 13:12:47 - DEBUG - display.c:5 - Getting char at (7, 5)
2021 May 08 13:12:47 - DEBUG - display.c:5 - Getting char at (5, 4)
2021 May 08 13:12:47 - DEBUG - display.c:5 - Getting char at (6, 4)
2021 May 08 13:12:47 - DEBUG - display.c:5 - Getting char at (7, 4)
2021 May 08 13:12:47 - DEBUG - block.c:37 - Trying to execute rotation
2021 May 08 13:12:47 - DEBUG - block.c:60 - Rotation successfully executed
2021 May 08 13:12:47 - DEBUG - display.c:5 - Getting char at (6, 2)
2021 May 08 13:12:47 - DEBUG - display.c:5 - Getting char at (5, 4)
2021 May 08 13:12:47 - DEBUG - display.c:5 - Getting char at (5, 3)
2021 May 08 13:12:47 - DEBUG - display.c:5 - Getting char at (5, 2)
2021 May 08 13:12:48 - DEBUG - block.c:37 - Trying to execute rotation
2021 May 08 13:12:48 - DEBUG - block.c:60 - Rotation successfully executed
2021 May 08 13:12:48 - DEBUG - display.c:5 - Getting char at (3, 3)
2021 May 08 13:12:48 - DEBUG - display.c:5 - Getting char at (5, 4)
2021 May 08 13:12:48 - DEBUG - display.c:5 - Getting char at (4, 4)
2021 May 08 13:12:48 - DEBUG - display.c:5 - Getting char at (3, 4)
2021 May 08 13:12:48 - DEBUG - block.c:37 - Trying to execute rotation
2021 May 08 13:12:48 - DEBUG - block.c:60 - Rotation successfully executed
2021 May 08 13:12:48 - DEBUG - display.c:5 - Getting char at (4, 6)
2021 May 08 13:12:48 - DEBUG - display.c:5 - Getting char at (5, 4)
2021 May 08 13:12:48 - DEBUG - display.c:5 - Getting char at (5, 5)
2021 May 08 13:12:48 - DEBUG - display.c:5 - Getting char at (5, 6)
2021 May 08 13:12:48 - DEBUG - block.c:37 - Trying to execute rotation
2021 May 08 13:12:48 - DEBUG - block.c:60 - Rotation successfully executed
2021 May 08 13:12:48 - DEBUG - display.c:5 - Getting char at (7, 5)
2021 May 08 13:12:48 - DEBUG - display.c:5 - Getting char at (5, 4)
2021 May 08 13:12:48 - DEBUG - display.c:5 - Getting char at (6, 4)
2021 May 08 13:12:48 - DEBUG - display.c:5 - Getting char at (7, 4)
2021 May 08 13:12:48 - DEBUG - display.c:5 - Getting char at (8, 5)
2021 May 08 13:12:48 - DEBUG - display.c:5 - Getting char at (6, 4)
2021 May 08 13:12:48 - DEBUG - display.c:5 - Getting char at (7, 4)
2021 May 08 13:12:48 - DEBUG - display.c:5 - Getting char at (8, 4)
2021 May 08 13:12:49 - DEBUG - display.c:5 - Getting char at (9, 5)
2021 May 08 13:12:49 - DEBUG - display.c:5 - Getting char at (7, 4)
2021 May 08 13:12:49 - DEBUG - display.c:5 - Getting char at (8, 4)
2021 May 08 13:12:49 - DEBUG - display.c:5 - Getting char at (9, 4)
2021 May 08 13:12:49 - DEBUG - display.c:5 - Getting char at (10, 5)
2021 May 08 13:12:49 - DEBUG - display.c:5 - Getting char at (8, 4)
2021 May 08 13:12:49 - DEBUG - display.c:5 - Getting char at (9, 4)
2021 May 08 13:12:49 - DEBUG - display.c:5 - Getting char at (10, 4)
2021 May 08 13:12:49 - DEBUG - display.c:5 - Getting char at (11, 5)
2021 May 08 13:12:49 - DEBUG - display.c:5 - Getting char at (9, 4)
2021 May 08 13:12:49 - DEBUG - display.c:5 - Getting char at (10, 4)
2021 May 08 13:12:49 - DEBUG - display.c:5 - Getting char at (11, 4)
2021 May 08 13:12:49 - DEBUG - display.c:5 - Getting char at (12, 5)
2021 May 08 13:12:50 - DEBUG - display.c:5 - Getting char at (12, 5)
2021 May 08 13:12:51 - DEBUG - display.c:5 - Getting char at (4, 4)
2021 May 08 13:12:51 - DEBUG - display.c:5 - Getting char at (5, 4)
2021 May 08 13:12:51 - DEBUG - display.c:5 - Getting char at (5, 5)
2021 May 08 13:12:51 - DEBUG - display.c:5 - Getting char at (6, 5)
2021 May 08 13:12:52 - DEBUG - display.c:5 - Getting char at (5, 4)
2021 May 08 13:12:52 - DEBUG - display.c:5 - Getting char at (6, 4)
2021 May 08 13:12:52 - DEBUG - display.c:5 - Getting char at (6, 5)
2021 May 08 13:12:52 - DEBUG - display.c:5 - Getting char at (7, 5)
2021 May 08 13:12:53 - DEBUG - display.c:5 - Getting char at (6, 4)
2021 May 08 13:12:53 - DEBUG - display.c:5 - Getting char at (7, 4)
2021 May 08 13:12:53 - DEBUG - display.c:5 - Getting char at (7, 5)
2021 May 08 13:12:53 - DEBUG - display.c:5 - Getting char at (8, 5)
2021 May 08 13:12:54 - DEBUG - display.c:5 - Getting char at (7, 4)
2021 May 08 13:12:54 - DEBUG - display.c:5 - Getting char at (8, 4)
2021 May 08 13:12:54 - DEBUG - display.c:5 - Getting char at (8, 5)
2021 May 08 13:12:54 - DEBUG - display.c:5 - Getting char at (9, 5)
2021 May 08 13:12:55 - DEBUG - display.c:5 - Getting char at (8, 4)
2021 May 08 13:12:55 - DEBUG - display.c:5 - Getting char at (9, 4)
2021 May 08 13:12:57 - DEBUG - display.c:5 - Getting char at (4, 4)
2021 May 08 13:12:57 - DEBUG - display.c:5 - Getting char at (5, 4)
2021 May 08 13:12:57 - DEBUG - display.c:5 - Getting char at (5, 5)
2021 May 08 13:12:57 - DEBUG - display.c:5 - Getting char at (6, 5)
2021 May 08 13:12:58 - DEBUG - display.c:5 - Getting char at (5, 4)
2021 May 08 13:12:58 - DEBUG - display.c:5 - Getting char at (6, 4)
2021 May 08 13:12:58 - DEBUG - display.c:5 - Getting char at (6, 5)
2021 May 08 13:12:58 - DEBUG - display.c:5 - Getting char at (7, 5)
2021 May 08 13:12:59 - DEBUG - display.c:5 - Getting char at (6, 4)
2021 May 08 13:12:59 - DEBUG - display.c:5 - Getting char at (7, 4)
2021 May 08 13:13:00 - DEBUG - display.c:5 - Getting char at (4, 4)
2021 May 08 13:13:00 - DEBUG - display.c:5 - Getting char at (4, 5)
2021 May 08 13:13:00 - DEBUG - display.c:5 - Getting char at (5, 4)
2021 May 08 13:13:01 - DEBUG - display.c:5 - Getting char at (4, 5)
2021 May 08 13:13:01 - DEBUG - display.c:5 - Getting char at (5, 4)
2021 May 08 13:13:01 - DEBUG - display.c:5 - Getting char at (5, 5)
2021 May 08 13:13:01 - DEBUG - display.c:5 - Getting char at (6, 4)
2021 May 08 13:13:02 - DEBUG - display.c:5 - Getting char at (5, 3)
2021 May 08 13:13:02 - DEBUG - display.c:5 - Getting char at (5, 4)
2021 May 08 13:13:04 - DEBUG - display.c:5 - Getting char at (4, 6)
2021 May 08 13:13:04 - DEBUG - display.c:5 - Getting char at (5, 4)
2021 May 08 13:13:05 - DEBUG - display.c:5 - Getting char at (4, 4)
2021 May 08 13:13:05 - DEBUG - display.c:5 - Getting char at (4, 5)
2021 May 08 13:13:05 - DEBUG - display.c:5 - Getting char at (5, 4)
2021 May 08 13:13:06 - DEBUG - display.c:5 - Getting char at (5, 3)
2021 May 08 13:13:06 - DEBUG - display.c:5 - Getting char at (5, 4)
2021 May 08 13:13:07 - DEBUG - display.c:5 - Getting char at (5, 3)
2021 May 08 13:13:07 - DEBUG - display.c:5 - Getting char at (5, 4)
2021 May 08 13:13:08 - DEBUG - display.c:5 - Getting char at (4, 6)
2021 May 08 13:13:08 - DEBUG - display.c:5 - Getting char at (5, 4)
2021 May 08 13:13:09 - DEBUG - display.c:5 - Getting char at (4, 6)
2021 May 08 13:13:09 - DEBUG - display.c:5 - Getting char at (5, 4)
2021 May 08 13:13:11 - DEBUG - display.c:5 - Getting char at (4, 5)
2021 May 08 13:13:11 - DEBUG - display.c:5 - Getting char at (5, 4)
2021 May 08 13:13:11 - DEBUG - display.c:5 - Getting char at (5, 5)
2021 May 08 13:13:11 - DEBUG - display.c:5 - Getting char at (6, 4)
2021 May 08 13:13:12 - DEBUG - display.c:5 - Getting char at (4, 5)
2021 May 08 13:13:12 - DEBUG - display.c:5 - Getting char at (5, 4)
2021 May 08 13:13:12 - DEBUG - display.c:5 - Getting char at (5, 5)
2021 May 08 13:13:12 - DEBUG - display.c:5 - Getting char at (6, 4)
2021 May 08 13:13:13 - DEBUG - display.c:5 - Getting char at (5, 3)
2021 May 08 13:13:13 - DEBUG - display.c:5 - Getting char at (5, 4)
2021 May 08 13:13:14 - DEBUG - display.c:5 - Getting char at (4, 4)
2021 May 08 13:13:14 - DEBUG - display.c:5 - Getting char at (4, 5)
2021 May 08 13:13:14 - DEBUG - display.c:5 - Getting char at (5, 4)
2021 May 08 13:13:15 - DEBUG - display.c:5 - Getting char at (4, 5)
2021 May 08 13:13:15 - DEBUG - display.c:5 - Getting char at (5, 4)
2021 May 08 13:13:15 - DEBUG - display.c:5 - Getting char at (5, 5)
2021 May 08 13:13:15 - DEBUG - display.c:5 - Getting char at (6, 4)
2021 May 08 13:13:16 - DEBUG - display.c:5 - Getting char at (5, 3)
2021 May 08 13:13:16 - DEBUG - display.c:5 - Getting char at (5, 4)
2021 May 08 13:13:17 - DEBUG - display.c:5 - Getting char at (4, 4)
2021 May 08 13:13:17 - DEBUG - display.c:5 - Getting char at (4, 5)
2021 May 08 13:13:17 - DEBUG - display.c:5 - Getting char at (5, 4)
2021 May 08 13:13:19 - DEBUG - display.c:5 - Getting char at (4, 4)
2021 May 08 13:13:19 - DEBUG - display.c:5 - Getting char at (5, 4)
